CRITICAL - 2023-11-09 00:11:20 --> Updates are not allowed unless they contain a "where" or "like" clause.
in SYSTEMPATH\Model.php on line 380.
 1 SYSTEMPATH\BaseModel.php(949): CodeIgniter\Model->doUpdate(null, [...])
 2 SYSTEMPATH\Model.php(776): CodeIgniter\BaseModel->update(null, [...])
 3 APPPATH\Controllers\NotasController.php(89): CodeIgniter\Model->update(null, Object(stdClass))
 4 SYSTEMPATH\CodeIgniter.php(942): App\Controllers\NotasController->ModificarNota()
 5 SYSTEMPATH\CodeIgniter.php(502): CodeIgniter\CodeIgniter->runController(Object(App\Controllers\NotasController))
 6 SYSTEMPATH\CodeIgniter.php(361): CodeIgniter\CodeIgniter->handleRequest(null, Object(Config\Cache), false)
 7 FCPATH\index.php(79): CodeIgniter\CodeIgniter->run()
 8 SYSTEMPATH\Commands\Server\rewrite.php(47): require_once('C:\\xampp\\htdocs\\ProyectoAppNotas\\public\\index.php')
CRITICAL - 2023-11-09 16:29:14 --> CodeIgniter\BaseModel::transformDataToArray(): Return value must be of type array, string returned
in SYSTEMPATH\BaseModel.php on line 1752.
 1 SYSTEMPATH\BaseModel.php(748): CodeIgniter\BaseModel->transformDataToArray('orlando@orlando.com', 'insert')
 2 SYSTEMPATH\Model.php(715): CodeIgniter\BaseModel->insert('orlando@orlando.com', true)
 3 APPPATH\Controllers\UsuarioController.php(31): CodeIgniter\Model->insert('orlando@orlando.com', true, 'Orlando', 'Valdez')
 4 SYSTEMPATH\CodeIgniter.php(942): App\Controllers\UsuarioController->RegistroUsuario()
 5 SYSTEMPATH\CodeIgniter.php(502): CodeIgniter\CodeIgniter->runController(Object(App\Controllers\UsuarioController))
 6 SYSTEMPATH\CodeIgniter.php(361): CodeIgniter\CodeIgniter->handleRequest(null, Object(Config\Cache), false)
 7 FCPATH\index.php(79): CodeIgniter\CodeIgniter->run()
 8 SYSTEMPATH\Commands\Server\rewrite.php(47): require_once('C:\\xampp\\htdocs\\ProyectoAppNotas\\public\\index.php')
CRITICAL - 2023-11-09 16:51:29 --> CodeIgniter\BaseModel::transformDataToArray(): Return value must be of type array, string returned
in SYSTEMPATH\BaseModel.php on line 1752.
 1 SYSTEMPATH\BaseModel.php(748): CodeIgniter\BaseModel->transformDataToArray('orlando@orlando.comasdOrlandoValdez', 'insert')
 2 SYSTEMPATH\Model.php(715): CodeIgniter\BaseModel->insert('orlando@orlando.comasdOrlandoValdez', true)
 3 APPPATH\Controllers\UsuarioController.php(31): CodeIgniter\Model->insert('orlando@orlando.comasdOrlandoValdez')
 4 SYSTEMPATH\CodeIgniter.php(942): App\Controllers\UsuarioController->RegistroUsuario()
 5 SYSTEMPATH\CodeIgniter.php(502): CodeIgniter\CodeIgniter->runController(Object(App\Controllers\UsuarioController))
 6 SYSTEMPATH\CodeIgniter.php(361): CodeIgniter\CodeIgniter->handleRequest(null, Object(Config\Cache), false)
 7 FCPATH\index.php(79): CodeIgniter\CodeIgniter->run()
 8 SYSTEMPATH\Commands\Server\rewrite.php(47): require_once('C:\\xampp\\htdocs\\ProyectoAppNotas\\public\\index.php')
CRITICAL - 2023-11-09 16:52:25 --> CodeIgniter\BaseModel::transformDataToArray(): Return value must be of type array, string returned
in SYSTEMPATH\BaseModel.php on line 1752.
 1 SYSTEMPATH\BaseModel.php(748): CodeIgniter\BaseModel->transformDataToArray('orlando0@gmail.comkakaOrlandoValdez', 'insert')
 2 SYSTEMPATH\Model.php(715): CodeIgniter\BaseModel->insert('orlando0@gmail.comkakaOrlandoValdez', true)
 3 APPPATH\Controllers\UsuarioController.php(31): CodeIgniter\Model->insert('orlando0@gmail.comkakaOrlandoValdez')
 4 SYSTEMPATH\CodeIgniter.php(942): App\Controllers\UsuarioController->RegistroUsuario()
 5 SYSTEMPATH\CodeIgniter.php(502): CodeIgniter\CodeIgniter->runController(Object(App\Controllers\UsuarioController))
 6 SYSTEMPATH\CodeIgniter.php(361): CodeIgniter\CodeIgniter->handleRequest(null, Object(Config\Cache), false)
 7 FCPATH\index.php(79): CodeIgniter\CodeIgniter->run()
 8 SYSTEMPATH\Commands\Server\rewrite.php(47): require_once('C:\\xampp\\htdocs\\ProyectoAppNotas\\public\\index.php')
CRITICAL - 2023-11-09 16:52:49 --> CodeIgniter\BaseModel::transformDataToArray(): Return value must be of type array, string returned
in SYSTEMPATH\BaseModel.php on line 1752.
 1 SYSTEMPATH\BaseModel.php(748): CodeIgniter\BaseModel->transformDataToArray('orlando0@gmail.comkakaOrlandoValdez', 'insert')
 2 SYSTEMPATH\Model.php(715): CodeIgniter\BaseModel->insert('orlando0@gmail.comkakaOrlandoValdez', true)
 3 APPPATH\Controllers\UsuarioController.php(31): CodeIgniter\Model->insert('orlando0@gmail.comkakaOrlandoValdez')
 4 SYSTEMPATH\CodeIgniter.php(942): App\Controllers\UsuarioController->RegistroUsuario()
 5 SYSTEMPATH\CodeIgniter.php(502): CodeIgniter\CodeIgniter->runController(Object(App\Controllers\UsuarioController))
 6 SYSTEMPATH\CodeIgniter.php(361): CodeIgniter\CodeIgniter->handleRequest(null, Object(Config\Cache), false)
 7 FCPATH\index.php(79): CodeIgniter\CodeIgniter->run()
 8 SYSTEMPATH\Commands\Server\rewrite.php(47): require_once('C:\\xampp\\htdocs\\ProyectoAppNotas\\public\\index.php')
CRITICAL - 2023-11-09 16:52:54 --> CodeIgniter\BaseModel::transformDataToArray(): Return value must be of type array, string returned
in SYSTEMPATH\BaseModel.php on line 1752.
 1 SYSTEMPATH\BaseModel.php(748): CodeIgniter\BaseModel->transformDataToArray('orlando0@gmail.comkakaOrlandoValdez', 'insert')
 2 SYSTEMPATH\Model.php(715): CodeIgniter\BaseModel->insert('orlando0@gmail.comkakaOrlandoValdez', true)
 3 APPPATH\Controllers\UsuarioController.php(31): CodeIgniter\Model->insert('orlando0@gmail.comkakaOrlandoValdez')
 4 SYSTEMPATH\CodeIgniter.php(942): App\Controllers\UsuarioController->RegistroUsuario()
 5 SYSTEMPATH\CodeIgniter.php(502): CodeIgniter\CodeIgniter->runController(Object(App\Controllers\UsuarioController))
 6 SYSTEMPATH\CodeIgniter.php(361): CodeIgniter\CodeIgniter->handleRequest(null, Object(Config\Cache), false)
 7 FCPATH\index.php(79): CodeIgniter\CodeIgniter->run()
 8 SYSTEMPATH\Commands\Server\rewrite.php(47): require_once('C:\\xampp\\htdocs\\ProyectoAppNotas\\public\\index.php')
CRITICAL - 2023-11-09 17:00:43 --> Call to undefined function App\Controllers\baseurl()
in APPPATH\Controllers\UsuarioController.php on line 32.
 1 SYSTEMPATH\CodeIgniter.php(942): App\Controllers\UsuarioController->RegistroUsuario()
 2 SYSTEMPATH\CodeIgniter.php(502): CodeIgniter\CodeIgniter->runController(Object(App\Controllers\UsuarioController))
 3 SYSTEMPATH\CodeIgniter.php(361): CodeIgniter\CodeIgniter->handleRequest(null, Object(Config\Cache), false)
 4 FCPATH\index.php(79): CodeIgniter\CodeIgniter->run()
 5 SYSTEMPATH\Commands\Server\rewrite.php(47): require_once('C:\\xampp\\htdocs\\ProyectoAppNotas\\public\\index.php')
